Started GET "/" for 127.0.0.1 at 2018-04-26 16:53:53 +0300
  
ActiveRecord::PendingMigrationError (

Migrations are pending. To resolve this issue, run:

        bin/rails db:migrate RAILS_ENV=development

):
  
activerecord (5.1.6) lib/active_record/migration.rb:576:in `check_pending!'
activerecord (5.1.6) lib/active_record/migration.rb:553:in `call'
actionpack (5.1.6) lib/action_dispatch/middleware/callbacks.rb:26:in `block in call'
activesupport (5.1.6) lib/active_support/callbacks.rb:97:in `run_callbacks'
actionpack (5.1.6) lib/action_dispatch/middleware/callbacks.rb:24:in `call'
actionpack (5.1.6) lib/action_dispatch/middleware/executor.rb:12:in `call'
actionpack (5.1.6) lib/action_dispatch/middleware/debug_exceptions.rb:59:in `call'
web-console (3.6.1) lib/web_console/middleware.rb:135:in `call_app'
web-console (3.6.1) lib/web_console/middleware.rb:30:in `block in call'
web-console (3.6.1) lib/web_console/middleware.rb:20:in `catch'
web-console (3.6.1) lib/web_console/middleware.rb:20:in `call'
actionpack (5.1.6) lib/action_dispatch/middleware/show_exceptions.rb:31:in `call'
railties (5.1.6) lib/rails/rack/logger.rb:36:in `call_app'
railties (5.1.6) lib/rails/rack/logger.rb:24:in `block in call'
activesupport (5.1.6) lib/active_support/tagged_logging.rb:69:in `block in tagged'
activesupport (5.1.6) lib/active_support/tagged_logging.rb:26:in `tagged'
activesupport (5.1.6) lib/active_support/tagged_logging.rb:69:in `tagged'
railties (5.1.6) lib/rails/rack/logger.rb:24:in `call'
sprockets-rails (3.2.1) lib/sprockets/rails/quiet_assets.rb:13:in `call'
actionpack (5.1.6) lib/action_dispatch/middleware/remote_ip.rb:79:in `call'
actionpack (5.1.6) lib/action_dispatch/middleware/request_id.rb:25:in `call'
rack (2.0.5) lib/rack/method_override.rb:22:in `call'
rack (2.0.5) lib/rack/runtime.rb:22:in `call'
activesupport (5.1.6) lib/active_support/cache/strategy/local_cache_middleware.rb:27:in `call'
actionpack (5.1.6) lib/action_dispatch/middleware/executor.rb:12:in `call'
actionpack (5.1.6) lib/action_dispatch/middleware/static.rb:125:in `call'
rack (2.0.5) lib/rack/sendfile.rb:111:in `call'
railties (5.1.6) lib/rails/engine.rb:522:in `call'
puma (3.11.4) lib/puma/configuration.rb:225:in `call'
puma (3.11.4) lib/puma/server.rb:632:in `handle_request'
puma (3.11.4) lib/puma/server.rb:446:in `process_client'
puma (3.11.4) lib/puma/server.rb:306:in `block in run'
puma (3.11.4) lib/puma/thread_pool.rb:120:in `block in spawn_thread'
Started GET "/about" for 127.0.0.1 at 2018-04-26 17:05:02 +0300
  
ActiveRecord::PendingMigrationError (

Migrations are pending. To resolve this issue, run:

        bin/rails db:migrate RAILS_ENV=development

):
  
activerecord (5.1.6) lib/active_record/migration.rb:576:in `check_pending!'
activerecord (5.1.6) lib/active_record/migration.rb:553:in `call'
actionpack (5.1.6) lib/action_dispatch/middleware/callbacks.rb:26:in `block in call'
activesupport (5.1.6) lib/active_support/callbacks.rb:97:in `run_callbacks'
actionpack (5.1.6) lib/action_dispatch/middleware/callbacks.rb:24:in `call'
actionpack (5.1.6) lib/action_dispatch/middleware/executor.rb:12:in `call'
actionpack (5.1.6) lib/action_dispatch/middleware/debug_exceptions.rb:59:in `call'
web-console (3.6.1) lib/web_console/middleware.rb:135:in `call_app'
web-console (3.6.1) lib/web_console/middleware.rb:30:in `block in call'
web-console (3.6.1) lib/web_console/middleware.rb:20:in `catch'
web-console (3.6.1) lib/web_console/middleware.rb:20:in `call'
actionpack (5.1.6) lib/action_dispatch/middleware/show_exceptions.rb:31:in `call'
railties (5.1.6) lib/rails/rack/logger.rb:36:in `call_app'
railties (5.1.6) lib/rails/rack/logger.rb:24:in `block in call'
activesupport (5.1.6) lib/active_support/tagged_logging.rb:69:in `block in tagged'
activesupport (5.1.6) lib/active_support/tagged_logging.rb:26:in `tagged'
activesupport (5.1.6) lib/active_support/tagged_logging.rb:69:in `tagged'
railties (5.1.6) lib/rails/rack/logger.rb:24:in `call'
sprockets-rails (3.2.1) lib/sprockets/rails/quiet_assets.rb:13:in `call'
actionpack (5.1.6) lib/action_dispatch/middleware/remote_ip.rb:79:in `call'
actionpack (5.1.6) lib/action_dispatch/middleware/request_id.rb:25:in `call'
rack (2.0.5) lib/rack/method_override.rb:22:in `call'
rack (2.0.5) lib/rack/runtime.rb:22:in `call'
activesupport (5.1.6) lib/active_support/cache/strategy/local_cache_middleware.rb:27:in `call'
actionpack (5.1.6) lib/action_dispatch/middleware/executor.rb:12:in `call'
actionpack (5.1.6) lib/action_dispatch/middleware/static.rb:125:in `call'
rack (2.0.5) lib/rack/sendfile.rb:111:in `call'
railties (5.1.6) lib/rails/engine.rb:522:in `call'
puma (3.11.4) lib/puma/configuration.rb:225:in `call'
puma (3.11.4) lib/puma/server.rb:632:in `handle_request'
puma (3.11.4) lib/puma/server.rb:446:in `process_client'
puma (3.11.4) lib/puma/server.rb:306:in `block in run'
puma (3.11.4) lib/puma/thread_pool.rb:120:in `block in spawn_thread'
Started GET "/home" for 127.0.0.1 at 2018-04-26 17:05:14 +0300
  
ActiveRecord::PendingMigrationError (

Migrations are pending. To resolve this issue, run:

        bin/rails db:migrate RAILS_ENV=development

):
  
activerecord (5.1.6) lib/active_record/migration.rb:576:in `check_pending!'
activerecord (5.1.6) lib/active_record/migration.rb:553:in `call'
actionpack (5.1.6) lib/action_dispatch/middleware/callbacks.rb:26:in `block in call'
activesupport (5.1.6) lib/active_support/callbacks.rb:97:in `run_callbacks'
actionpack (5.1.6) lib/action_dispatch/middleware/callbacks.rb:24:in `call'
actionpack (5.1.6) lib/action_dispatch/middleware/executor.rb:12:in `call'
actionpack (5.1.6) lib/action_dispatch/middleware/debug_exceptions.rb:59:in `call'
web-console (3.6.1) lib/web_console/middleware.rb:135:in `call_app'
web-console (3.6.1) lib/web_console/middleware.rb:30:in `block in call'
web-console (3.6.1) lib/web_console/middleware.rb:20:in `catch'
web-console (3.6.1) lib/web_console/middleware.rb:20:in `call'
actionpack (5.1.6) lib/action_dispatch/middleware/show_exceptions.rb:31:in `call'
railties (5.1.6) lib/rails/rack/logger.rb:36:in `call_app'
railties (5.1.6) lib/rails/rack/logger.rb:24:in `block in call'
activesupport (5.1.6) lib/active_support/tagged_logging.rb:69:in `block in tagged'
activesupport (5.1.6) lib/active_support/tagged_logging.rb:26:in `tagged'
activesupport (5.1.6) lib/active_support/tagged_logging.rb:69:in `tagged'
railties (5.1.6) lib/rails/rack/logger.rb:24:in `call'
sprockets-rails (3.2.1) lib/sprockets/rails/quiet_assets.rb:13:in `call'
actionpack (5.1.6) lib/action_dispatch/middleware/remote_ip.rb:79:in `call'
actionpack (5.1.6) lib/action_dispatch/middleware/request_id.rb:25:in `call'
rack (2.0.5) lib/rack/method_override.rb:22:in `call'
rack (2.0.5) lib/rack/runtime.rb:22:in `call'
activesupport (5.1.6) lib/active_support/cache/strategy/local_cache_middleware.rb:27:in `call'
actionpack (5.1.6) lib/action_dispatch/middleware/executor.rb:12:in `call'
actionpack (5.1.6) lib/action_dispatch/middleware/static.rb:125:in `call'
rack (2.0.5) lib/rack/sendfile.rb:111:in `call'
railties (5.1.6) lib/rails/engine.rb:522:in `call'
puma (3.11.4) lib/puma/configuration.rb:225:in `call'
puma (3.11.4) lib/puma/server.rb:632:in `handle_request'
puma (3.11.4) lib/puma/server.rb:446:in `process_client'
puma (3.11.4) lib/puma/server.rb:306:in `block in run'
puma (3.11.4) lib/puma/thread_pool.rb:120:in `block in spawn_thread'
Started GET "/" for 127.0.0.1 at 2018-04-26 17:05:36 +0300
  
ActiveRecord::PendingMigrationError (

Migrations are pending. To resolve this issue, run:

        bin/rails db:migrate RAILS_ENV=development

):
  
activerecord (5.1.6) lib/active_record/migration.rb:576:in `check_pending!'
activerecord (5.1.6) lib/active_record/migration.rb:553:in `call'
actionpack (5.1.6) lib/action_dispatch/middleware/callbacks.rb:26:in `block in call'
activesupport (5.1.6) lib/active_support/callbacks.rb:97:in `run_callbacks'
actionpack (5.1.6) lib/action_dispatch/middleware/callbacks.rb:24:in `call'
actionpack (5.1.6) lib/action_dispatch/middleware/executor.rb:12:in `call'
actionpack (5.1.6) lib/action_dispatch/middleware/debug_exceptions.rb:59:in `call'
web-console (3.6.1) lib/web_console/middleware.rb:135:in `call_app'
web-console (3.6.1) lib/web_console/middleware.rb:30:in `block in call'
web-console (3.6.1) lib/web_console/middleware.rb:20:in `catch'
web-console (3.6.1) lib/web_console/middleware.rb:20:in `call'
actionpack (5.1.6) lib/action_dispatch/middleware/show_exceptions.rb:31:in `call'
railties (5.1.6) lib/rails/rack/logger.rb:36:in `call_app'
railties (5.1.6) lib/rails/rack/logger.rb:24:in `block in call'
activesupport (5.1.6) lib/active_support/tagged_logging.rb:69:in `block in tagged'
activesupport (5.1.6) lib/active_support/tagged_logging.rb:26:in `tagged'
activesupport (5.1.6) lib/active_support/tagged_logging.rb:69:in `tagged'
railties (5.1.6) lib/rails/rack/logger.rb:24:in `call'
sprockets-rails (3.2.1) lib/sprockets/rails/quiet_assets.rb:13:in `call'
actionpack (5.1.6) lib/action_dispatch/middleware/remote_ip.rb:79:in `call'
actionpack (5.1.6) lib/action_dispatch/middleware/request_id.rb:25:in `call'
rack (2.0.5) lib/rack/method_override.rb:22:in `call'
rack (2.0.5) lib/rack/runtime.rb:22:in `call'
activesupport (5.1.6) lib/active_support/cache/strategy/local_cache_middleware.rb:27:in `call'
actionpack (5.1.6) lib/action_dispatch/middleware/executor.rb:12:in `call'
actionpack (5.1.6) lib/action_dispatch/middleware/static.rb:125:in `call'
rack (2.0.5) lib/rack/sendfile.rb:111:in `call'
railties (5.1.6) lib/rails/engine.rb:522:in `call'
puma (3.11.4) lib/puma/configuration.rb:225:in `call'
puma (3.11.4) lib/puma/server.rb:632:in `handle_request'
puma (3.11.4) lib/puma/server.rb:446:in `process_client'
puma (3.11.4) lib/puma/server.rb:306:in `block in run'
puma (3.11.4) lib/puma/thread_pool.rb:120:in `block in spawn_thread'
Started GET "/" for 127.0.0.1 at 2018-04-26 17:06:14 +0300
  
ActiveRecord::PendingMigrationError (

Migrations are pending. To resolve this issue, run:

        bin/rails db:migrate RAILS_ENV=development

):
  
activerecord (5.1.6) lib/active_record/migration.rb:576:in `check_pending!'
activerecord (5.1.6) lib/active_record/migration.rb:553:in `call'
actionpack (5.1.6) lib/action_dispatch/middleware/callbacks.rb:26:in `block in call'
activesupport (5.1.6) lib/active_support/callbacks.rb:97:in `run_callbacks'
actionpack (5.1.6) lib/action_dispatch/middleware/callbacks.rb:24:in `call'
actionpack (5.1.6) lib/action_dispatch/middleware/executor.rb:12:in `call'
actionpack (5.1.6) lib/action_dispatch/middleware/debug_exceptions.rb:59:in `call'
web-console (3.6.1) lib/web_console/middleware.rb:135:in `call_app'
web-console (3.6.1) lib/web_console/middleware.rb:30:in `block in call'
web-console (3.6.1) lib/web_console/middleware.rb:20:in `catch'
web-console (3.6.1) lib/web_console/middleware.rb:20:in `call'
actionpack (5.1.6) lib/action_dispatch/middleware/show_exceptions.rb:31:in `call'
railties (5.1.6) lib/rails/rack/logger.rb:36:in `call_app'
railties (5.1.6) lib/rails/rack/logger.rb:24:in `block in call'
activesupport (5.1.6) lib/active_support/tagged_logging.rb:69:in `block in tagged'
activesupport (5.1.6) lib/active_support/tagged_logging.rb:26:in `tagged'
activesupport (5.1.6) lib/active_support/tagged_logging.rb:69:in `tagged'
railties (5.1.6) lib/rails/rack/logger.rb:24:in `call'
sprockets-rails (3.2.1) lib/sprockets/rails/quiet_assets.rb:13:in `call'
actionpack (5.1.6) lib/action_dispatch/middleware/remote_ip.rb:79:in `call'
actionpack (5.1.6) lib/action_dispatch/middleware/request_id.rb:25:in `call'
rack (2.0.5) lib/rack/method_override.rb:22:in `call'
rack (2.0.5) lib/rack/runtime.rb:22:in `call'
activesupport (5.1.6) lib/active_support/cache/strategy/local_cache_middleware.rb:27:in `call'
actionpack (5.1.6) lib/action_dispatch/middleware/executor.rb:12:in `call'
actionpack (5.1.6) lib/action_dispatch/middleware/static.rb:125:in `call'
rack (2.0.5) lib/rack/sendfile.rb:111:in `call'
railties (5.1.6) lib/rails/engine.rb:522:in `call'
puma (3.11.4) lib/puma/configuration.rb:225:in `call'
puma (3.11.4) lib/puma/server.rb:632:in `handle_request'
puma (3.11.4) lib/puma/server.rb:446:in `process_client'
puma (3.11.4) lib/puma/server.rb:306:in `block in run'
puma (3.11.4) lib/puma/thread_pool.rb:120:in `block in spawn_thread'
Started GET "/" for 127.0.0.1 at 2018-04-26 17:06:38 +0300
  
ActiveRecord::PendingMigrationError (

Migrations are pending. To resolve this issue, run:

        bin/rails db:migrate RAILS_ENV=development

):
  
activerecord (5.1.6) lib/active_record/migration.rb:576:in `check_pending!'
activerecord (5.1.6) lib/active_record/migration.rb:553:in `call'
actionpack (5.1.6) lib/action_dispatch/middleware/callbacks.rb:26:in `block in call'
activesupport (5.1.6) lib/active_support/callbacks.rb:97:in `run_callbacks'
actionpack (5.1.6) lib/action_dispatch/middleware/callbacks.rb:24:in `call'
actionpack (5.1.6) lib/action_dispatch/middleware/executor.rb:12:in `call'
actionpack (5.1.6) lib/action_dispatch/middleware/debug_exceptions.rb:59:in `call'
web-console (3.6.1) lib/web_console/middleware.rb:135:in `call_app'
web-console (3.6.1) lib/web_console/middleware.rb:30:in `block in call'
web-console (3.6.1) lib/web_console/middleware.rb:20:in `catch'
web-console (3.6.1) lib/web_console/middleware.rb:20:in `call'
actionpack (5.1.6) lib/action_dispatch/middleware/show_exceptions.rb:31:in `call'
railties (5.1.6) lib/rails/rack/logger.rb:36:in `call_app'
railties (5.1.6) lib/rails/rack/logger.rb:24:in `block in call'
activesupport (5.1.6) lib/active_support/tagged_logging.rb:69:in `block in tagged'
activesupport (5.1.6) lib/active_support/tagged_logging.rb:26:in `tagged'
activesupport (5.1.6) lib/active_support/tagged_logging.rb:69:in `tagged'
railties (5.1.6) lib/rails/rack/logger.rb:24:in `call'
sprockets-rails (3.2.1) lib/sprockets/rails/quiet_assets.rb:13:in `call'
actionpack (5.1.6) lib/action_dispatch/middleware/remote_ip.rb:79:in `call'
actionpack (5.1.6) lib/action_dispatch/middleware/request_id.rb:25:in `call'
rack (2.0.5) lib/rack/method_override.rb:22:in `call'
rack (2.0.5) lib/rack/runtime.rb:22:in `call'
activesupport (5.1.6) lib/active_support/cache/strategy/local_cache_middleware.rb:27:in `call'
actionpack (5.1.6) lib/action_dispatch/middleware/executor.rb:12:in `call'
actionpack (5.1.6) lib/action_dispatch/middleware/static.rb:125:in `call'
rack (2.0.5) lib/rack/sendfile.rb:111:in `call'
railties (5.1.6) lib/rails/engine.rb:522:in `call'
puma (3.11.4) lib/puma/configuration.rb:225:in `call'
puma (3.11.4) lib/puma/server.rb:632:in `handle_request'
puma (3.11.4) lib/puma/server.rb:446:in `process_client'
puma (3.11.4) lib/puma/server.rb:306:in `block in run'
puma (3.11.4) lib/puma/thread_pool.rb:120:in `block in spawn_thread'
Started GET "/" for 127.0.0.1 at 2018-04-26 17:06:39 +0300
  
ActiveRecord::PendingMigrationError (

Migrations are pending. To resolve this issue, run:

        bin/rails db:migrate RAILS_ENV=development

):
  
activerecord (5.1.6) lib/active_record/migration.rb:576:in `check_pending!'
activerecord (5.1.6) lib/active_record/migration.rb:553:in `call'
actionpack (5.1.6) lib/action_dispatch/middleware/callbacks.rb:26:in `block in call'
activesupport (5.1.6) lib/active_support/callbacks.rb:97:in `run_callbacks'
actionpack (5.1.6) lib/action_dispatch/middleware/callbacks.rb:24:in `call'
actionpack (5.1.6) lib/action_dispatch/middleware/executor.rb:12:in `call'
actionpack (5.1.6) lib/action_dispatch/middleware/debug_exceptions.rb:59:in `call'
web-console (3.6.1) lib/web_console/middleware.rb:135:in `call_app'
web-console (3.6.1) lib/web_console/middleware.rb:30:in `block in call'
web-console (3.6.1) lib/web_console/middleware.rb:20:in `catch'
web-console (3.6.1) lib/web_console/middleware.rb:20:in `call'
actionpack (5.1.6) lib/action_dispatch/middleware/show_exceptions.rb:31:in `call'
railties (5.1.6) lib/rails/rack/logger.rb:36:in `call_app'
railties (5.1.6) lib/rails/rack/logger.rb:24:in `block in call'
activesupport (5.1.6) lib/active_support/tagged_logging.rb:69:in `block in tagged'
activesupport (5.1.6) lib/active_support/tagged_logging.rb:26:in `tagged'
activesupport (5.1.6) lib/active_support/tagged_logging.rb:69:in `tagged'
railties (5.1.6) lib/rails/rack/logger.rb:24:in `call'
sprockets-rails (3.2.1) lib/sprockets/rails/quiet_assets.rb:13:in `call'
actionpack (5.1.6) lib/action_dispatch/middleware/remote_ip.rb:79:in `call'
actionpack (5.1.6) lib/action_dispatch/middleware/request_id.rb:25:in `call'
rack (2.0.5) lib/rack/method_override.rb:22:in `call'
rack (2.0.5) lib/rack/runtime.rb:22:in `call'
activesupport (5.1.6) lib/active_support/cache/strategy/local_cache_middleware.rb:27:in `call'
actionpack (5.1.6) lib/action_dispatch/middleware/executor.rb:12:in `call'
actionpack (5.1.6) lib/action_dispatch/middleware/static.rb:125:in `call'
rack (2.0.5) lib/rack/sendfile.rb:111:in `call'
railties (5.1.6) lib/rails/engine.rb:522:in `call'
puma (3.11.4) lib/puma/configuration.rb:225:in `call'
puma (3.11.4) lib/puma/server.rb:632:in `handle_request'
puma (3.11.4) lib/puma/server.rb:446:in `process_client'
puma (3.11.4) lib/puma/server.rb:306:in `block in run'
puma (3.11.4) lib/puma/thread_pool.rb:120:in `block in spawn_thread'
  [1m[35m (0.3ms)[0m  [1m[34mSELECT sqlite_version(*)[0m
  [1m[35m (43.2ms)[0m  [1m[35mCREATE TABLE "schema_migrations" ("version" varchar NOT NULL PRIMARY KEY)[0m
  [1m[35m (14.2ms)[0m  [1m[35mCREATE TABLE "ar_internal_metadata" ("key" varchar NOT NULL PRIMARY KEY, "value" varchar, "created_at" datetime NOT NULL, "updated_at" datetime NOT NULL)[0m
  [1m[35m (0.6ms)[0m  [1m[34mSELECT "schema_migrations"."version" FROM "schema_migrations" ORDER BY "schema_migrations"."version" ASC[0m
Migrating to CreateUsers (20180426111224)
  [1m[35m (0.2ms)[0m  [1m[36mbegin transaction[0m
  [1m[35m (1.2ms)[0m  [1m[35mCREATE TABLE "users" ("id" INTEGER PRIMARY KEY AUTOINCREMENT NOT NULL, "username" varchar, "bio" text, "created_at" datetime NOT NULL, "updated_at" datetime NOT NULL)[0m
  [1m[35mSQL (0.8ms)[0m  [1m[32mINSERT INTO "schema_migrations" ("version") VALUES (?)[0m  [["version", "20180426111224"]]
  [1m[35m (7.6ms)[0m  [1m[36mcommit transaction[0m
  [1m[36mActiveRecord::InternalMetadata Load (0.7ms)[0m  [1m[34mSELECT  "ar_internal_metadata".* FROM "ar_internal_metadata" WHERE "ar_internal_metadata"."key" = ? LIMIT ?[0m  [["key", "environment"], ["LIMIT", 1]]
  [1m[35m (0.2ms)[0m  [1m[36mbegin transaction[0m
  [1m[35mSQL (0.8ms)[0m  [1m[32mINSERT INTO "ar_internal_metadata" ("key", "value", "created_at", "updated_at") VALUES (?, ?, ?, ?)[0m  [["key", "environment"], ["value", "development"], ["created_at", "2018-04-26 14:08:10.523377"], ["updated_at", "2018-04-26 14:08:10.523377"]]
  [1m[35m (11.4ms)[0m  [1m[36mcommit transaction[0m
  [1m[35m (0.5ms)[0m  [1m[34mSELECT "schema_migrations"."version" FROM "schema_migrations" ORDER BY "schema_migrations"."version" ASC[0m
Started GET "/" for 127.0.0.1 at 2018-04-26 17:08:27 +0300
  [1m[35m (0.6ms)[0m  [1m[34mSELECT "schema_migrations"."version" FROM "schema_migrations" ORDER BY "schema_migrations"."version" ASC[0m
Processing by StaticPagesController#home as HTML
  Rendering static_pages/home.html.erb within layouts/application
  Rendered static_pages/home.html.erb within layouts/application (2.9ms)
Completed 200 OK in 1975ms (Views: 1957.4ms | ActiveRecord: 0.0ms)


Started GET "/contact" for 127.0.0.1 at 2018-04-26 17:11:42 +0300
Processing by StaticPagesController#contact as HTML
  Rendering static_pages/contact.html.erb within layouts/application
  Rendered static_pages/contact.html.erb within layouts/application (1.3ms)
Completed 200 OK in 130ms (Views: 126.2ms | ActiveRecord: 0.0ms)


Started GET "/contact" for 127.0.0.1 at 2018-04-26 17:16:14 +0300
Processing by StaticPagesController#contact as HTML
  Rendering static_pages/contact.html.erb within layouts/application
  Rendered static_pages/contact.html.erb within layouts/application (6.9ms)
Completed 200 OK in 138ms (Views: 116.3ms | ActiveRecord: 0.0ms)


Started GET "/contact" for 127.0.0.1 at 2018-04-26 17:18:59 +0300
Processing by StaticPagesController#contact as HTML
  Rendering static_pages/contact.html.erb within layouts/application
  Rendered static_pages/contact.html.erb within layouts/application (5.8ms)
Completed 200 OK in 126ms (Views: 101.4ms | ActiveRecord: 0.0ms)


Started GET "/home" for 127.0.0.1 at 2018-04-26 17:19:36 +0300
Processing by StaticPagesController#home as HTML
  Rendering static_pages/home.html.erb within layouts/application
  Rendered static_pages/home.html.erb within layouts/application (1.3ms)
Completed 200 OK in 115ms (Views: 108.2ms | ActiveRecord: 0.0ms)


Started GET "/new_user" for 127.0.0.1 at 2018-04-26 17:19:40 +0300
Processing by StaticPagesController#new_user as HTML
  Rendering static_pages/new_user.html.erb within layouts/application
  Rendered static_pages/new_user.html.erb within layouts/application (1.4ms)
Completed 200 OK in 106ms (Views: 93.5ms | ActiveRecord: 0.0ms)


Started GET "/home" for 127.0.0.1 at 2018-04-26 17:19:46 +0300
Processing by StaticPagesController#home as HTML
  Rendering static_pages/home.html.erb within layouts/application
  Rendered static_pages/home.html.erb within layouts/application (1.2ms)
Completed 200 OK in 130ms (Views: 121.2ms | ActiveRecord: 0.0ms)


Started GET "/contact" for 127.0.0.1 at 2018-04-26 17:19:48 +0300
Processing by StaticPagesController#contact as HTML
  Rendering static_pages/contact.html.erb within layouts/application
  Rendered static_pages/contact.html.erb within layouts/application (1.1ms)
Completed 200 OK in 100ms (Views: 96.0ms | ActiveRecord: 0.0ms)


Started GET "/about" for 127.0.0.1 at 2018-04-26 17:19:52 +0300
Processing by StaticPagesController#about as HTML
  Rendering static_pages/about.html.erb within layouts/application
  Rendered static_pages/about.html.erb within layouts/application (1.3ms)
Completed 200 OK in 113ms (Views: 95.7ms | ActiveRecord: 0.0ms)


Started GET "/about" for 127.0.0.1 at 2018-04-26 17:23:43 +0300
Processing by StaticPagesController#about as HTML
  Rendering static_pages/about.html.erb within layouts/application
  Rendered static_pages/about.html.erb within layouts/application (1.1ms)
Completed 200 OK in 57ms (Views: 52.5ms | ActiveRecord: 0.0ms)


Started GET "/contact" for 127.0.0.1 at 2018-04-26 17:23:56 +0300
Processing by StaticPagesController#contact as HTML
  Rendering static_pages/contact.html.erb within layouts/application
  Rendered static_pages/contact.html.erb within layouts/application (1.6ms)
Completed 200 OK in 59ms (Views: 55.2ms | ActiveRecord: 0.0ms)


Started GET "/about" for 127.0.0.1 at 2018-04-26 17:24:29 +0300
Processing by StaticPagesController#about as HTML
  Rendering static_pages/about.html.erb within layouts/application
  Rendered static_pages/about.html.erb within layouts/application (1.0ms)
Completed 200 OK in 67ms (Views: 63.1ms | ActiveRecord: 0.0ms)


Started GET "/about_me" for 127.0.0.1 at 2018-04-26 17:24:35 +0300
Processing by StaticPagesController#about_me as HTML
  Rendering static_pages/about_me.html.erb within layouts/application
  Rendered static_pages/about_me.html.erb within layouts/application (1.1ms)
Completed 200 OK in 59ms (Views: 53.8ms | ActiveRecord: 0.0ms)


Started GET "/about_us" for 127.0.0.1 at 2018-04-26 17:24:41 +0300
Processing by StaticPagesController#about_us as HTML
  Rendering static_pages/about_us.html.erb within layouts/application
  Rendered static_pages/about_us.html.erb within layouts/application (1.2ms)
Completed 200 OK in 76ms (Views: 57.3ms | ActiveRecord: 0.0ms)


Started GET "/about_me" for 127.0.0.1 at 2018-04-26 17:25:31 +0300
Processing by StaticPagesController#about_me as HTML
  Rendering static_pages/about_me.html.erb within layouts/application
  Rendered static_pages/about_me.html.erb within layouts/application (0.9ms)
Completed 200 OK in 72ms (Views: 67.9ms | ActiveRecord: 0.0ms)


Started GET "/about" for 127.0.0.1 at 2018-04-26 17:25:34 +0300
Processing by StaticPagesController#about as HTML
  Rendering static_pages/about.html.erb within layouts/application
  Rendered static_pages/about.html.erb within layouts/application (1.4ms)
Completed 200 OK in 80ms (Views: 76.1ms | ActiveRecord: 0.0ms)


Started GET "/about_me" for 127.0.0.1 at 2018-04-26 17:26:23 +0300
Processing by StaticPagesController#about_me as HTML
  Rendering static_pages/about_me.html.erb within layouts/application
  Rendered static_pages/about_me.html.erb within layouts/application (1.1ms)
Completed 200 OK in 65ms (Views: 60.5ms | ActiveRecord: 0.0ms)


Started GET "/home" for 127.0.0.1 at 2018-04-26 17:27:08 +0300
Processing by StaticPagesController#home as HTML
  Rendering static_pages/home.html.erb within layouts/application
  Rendered static_pages/home.html.erb within layouts/application (0.9ms)
Completed 200 OK in 62ms (Views: 57.5ms | ActiveRecord: 0.0ms)


Started GET "/home" for 127.0.0.1 at 2018-04-26 17:27:11 +0300
Processing by StaticPagesController#home as HTML
  Rendering static_pages/home.html.erb within layouts/application
  Rendered static_pages/home.html.erb within layouts/application (1.1ms)
Completed 200 OK in 57ms (Views: 53.3ms | ActiveRecord: 0.0ms)


Started GET "/home" for 127.0.0.1 at 2018-04-26 17:27:13 +0300
Processing by StaticPagesController#home as HTML
  Rendering static_pages/home.html.erb within layouts/application
  Rendered static_pages/home.html.erb within layouts/application (1.2ms)
Completed 200 OK in 71ms (Views: 66.8ms | ActiveRecord: 0.0ms)


Started GET "/contact" for 127.0.0.1 at 2018-04-26 17:27:15 +0300
Processing by StaticPagesController#contact as HTML
  Rendering static_pages/contact.html.erb within layouts/application
  Rendered static_pages/contact.html.erb within layouts/application (1.1ms)
Completed 200 OK in 69ms (Views: 65.6ms | ActiveRecord: 0.0ms)


Started GET "/about" for 127.0.0.1 at 2018-04-26 17:27:18 +0300
Processing by StaticPagesController#about as HTML
  Rendering static_pages/about.html.erb within layouts/application
  Rendered static_pages/about.html.erb within layouts/application (1.4ms)
Completed 200 OK in 69ms (Views: 65.1ms | ActiveRecord: 0.0ms)


Started GET "/about_me" for 127.0.0.1 at 2018-04-26 17:27:20 +0300
Processing by StaticPagesController#about_me as HTML
  Rendering static_pages/about_me.html.erb within layouts/application
  Rendered static_pages/about_me.html.erb within layouts/application (1.2ms)
Completed 200 OK in 73ms (Views: 69.2ms | ActiveRecord: 0.0ms)


Started GET "/about_us" for 127.0.0.1 at 2018-04-26 17:27:23 +0300
Processing by StaticPagesController#about_us as HTML
  Rendering static_pages/about_us.html.erb within layouts/application
  Rendered static_pages/about_us.html.erb within layouts/application (1.1ms)
Completed 200 OK in 93ms (Views: 89.0ms | ActiveRecord: 0.0ms)


Started GET "/about_me" for 127.0.0.1 at 2018-04-26 17:36:19 +0300
Processing by StaticPagesController#about_me as HTML
  Rendering static_pages/about_me.html.erb within layouts/application
  Rendered static_pages/about_me.html.erb within layouts/application (1.5ms)
Completed 200 OK in 85ms (Views: 80.4ms | ActiveRecord: 0.0ms)


Started GET "/contact" for 127.0.0.1 at 2018-04-26 17:36:23 +0300
Processing by StaticPagesController#contact as HTML
  Rendering static_pages/contact.html.erb within layouts/application
  Rendered static_pages/contact.html.erb within layouts/application (2.3ms)
Completed 200 OK in 67ms (Views: 62.0ms | ActiveRecord: 0.0ms)


Started GET "/home" for 127.0.0.1 at 2018-04-26 17:36:24 +0300
Processing by StaticPagesController#home as HTML
  Rendering static_pages/home.html.erb within layouts/application
  Rendered static_pages/home.html.erb within layouts/application (1.2ms)
Completed 200 OK in 66ms (Views: 62.2ms | ActiveRecord: 0.0ms)


Started GET "/home" for 127.0.0.1 at 2018-04-26 17:36:27 +0300
Processing by StaticPagesController#home as HTML
  Rendering static_pages/home.html.erb within layouts/application
  Rendered static_pages/home.html.erb within layouts/application (1.3ms)
Completed 200 OK in 73ms (Views: 69.6ms | ActiveRecord: 0.0ms)


Started GET "/new_user" for 127.0.0.1 at 2018-04-26 17:36:29 +0300
Processing by StaticPagesController#new_user as HTML
  Rendering static_pages/new_user.html.erb within layouts/application
  Rendered static_pages/new_user.html.erb within layouts/application (1.3ms)
Completed 200 OK in 73ms (Views: 68.6ms | ActiveRecord: 0.0ms)


Started GET "/home" for 127.0.0.1 at 2018-04-26 17:36:32 +0300
Processing by StaticPagesController#home as HTML
  Rendering static_pages/home.html.erb within layouts/application
  Rendered static_pages/home.html.erb within layouts/application (1.3ms)
Completed 200 OK in 66ms (Views: 61.8ms | ActiveRecord: 0.0ms)


Started GET "/contact" for 127.0.0.1 at 2018-04-26 17:36:33 +0300
Processing by StaticPagesController#contact as HTML
  Rendering static_pages/contact.html.erb within layouts/application
  Rendered static_pages/contact.html.erb within layouts/application (1.2ms)
Completed 200 OK in 73ms (Views: 69.6ms | ActiveRecord: 0.0ms)


Started GET "/about" for 127.0.0.1 at 2018-04-26 17:36:35 +0300
Processing by StaticPagesController#about as HTML
  Rendering static_pages/about.html.erb within layouts/application
  Rendered static_pages/about.html.erb within layouts/application (1.2ms)
Completed 200 OK in 80ms (Views: 75.7ms | ActiveRecord: 0.0ms)


